0 info it worked if it ends with ok
1 verbose cli [ 'node', '/usr/local/bin/npm', 'install' ]
2 info using npm@1.4.28
3 info using node@v0.10.34
4 warn package.json parse-develop@0.0.55 No README data
5 verbose readDependencies using package.json deps
6 verbose install where, deps [ '/Users/adityadevgupta/Documents/STANFORD/CS 194/cs194-project',
6 verbose install   [ 'forever-monitor',
6 verbose install     'rc',
6 verbose install     'parse-cloud',
6 verbose install     'parse-express-cookie-session',
6 verbose install     'parse-express-https-redirect',
6 verbose install     'parse-express-raw-body',
6 verbose install     'parse-image',
6 verbose install     'express',
6 verbose install     'ejs',
6 verbose install     'jade',
6 verbose install     'underscore',
6 verbose install     'moment',
6 verbose install     'applinks-metatag',
6 verbose install     'mailgun',
6 verbose install     'mandrill',
6 verbose install     'sendgrid',
6 verbose install     'stripe',
6 verbose install     'twilio',
6 verbose install     'mongoose',
6 verbose install     'passport',
6 verbose install     'passport-local',
6 verbose install     'passport-google-oauth',
6 verbose install     'connect-flash',
6 verbose install     'bcrypt-nodejs',
6 verbose install     'morgan',
6 verbose install     'body-parser',
6 verbose install     'cookie-parser',
6 verbose install     'method-override',
6 verbose install     'express-session',
6 verbose install     'googleapis',
6 verbose install     'passport-oauth2-refresh',
6 verbose install     'btoa',
6 verbose install     'npm install valid-url' ] ]
7 info preinstall parse-develop@0.0.55
8 warn package.json parse@1.3.4 No repository field.
9 warn package.json parse@1.3.4 No README data
10 warn package.json passport-local@0.1.6 No README data
11 verbose readDependencies using package.json deps
12 verbose already installed skipping jade@~0.28.2 /Users/adityadevgupta/Documents/STANFORD/CS 194/cs194-project
13 verbose already installed skipping underscore@~1.4.2 /Users/adityadevgupta/Documents/STANFORD/CS 194/cs194-project
14 verbose already installed skipping moment@~1.7.2 /Users/adityadevgupta/Documents/STANFORD/CS 194/cs194-project
15 verbose already installed skipping applinks-metatag@~0.0.0 /Users/adityadevgupta/Documents/STANFORD/CS 194/cs194-project
16 verbose cache add [ 'mailgun@git://github.com/flovilmart/parse-mailgun#0.0.1-parse',
16 verbose cache add   null ]
17 verbose cache add name=undefined spec="mailgun@git://github.com/flovilmart/parse-mailgun#0.0.1-parse" args=["mailgun@git://github.com/flovilmart/parse-mailgun#0.0.1-parse",null]
18 verbose parsed url { protocol: null,
18 verbose parsed url   slashes: null,
18 verbose parsed url   auth: null,
18 verbose parsed url   host: null,
18 verbose parsed url   port: null,
18 verbose parsed url   hostname: null,
18 verbose parsed url   hash: '#0.0.1-parse',
18 verbose parsed url   search: null,
18 verbose parsed url   query: null,
18 verbose parsed url   pathname: 'mailgun@git://github.com/flovilmart/parse-mailgun',
18 verbose parsed url   path: 'mailgun@git://github.com/flovilmart/parse-mailgun',
18 verbose parsed url   href: 'mailgun@git://github.com/flovilmart/parse-mailgun#0.0.1-parse' }
19 verbose cache add [ 'mandrill@git://github.com/flovilmart/parse-mandrill#0.0.1-parse',
19 verbose cache add   null ]
20 verbose cache add name=undefined spec="mandrill@git://github.com/flovilmart/parse-mandrill#0.0.1-parse" args=["mandrill@git://github.com/flovilmart/parse-mandrill#0.0.1-parse",null]
21 verbose parsed url { protocol: null,
21 verbose parsed url   slashes: null,
21 verbose parsed url   auth: null,
21 verbose parsed url   host: null,
21 verbose parsed url   port: null,
21 verbose parsed url   hostname: null,
21 verbose parsed url   hash: '#0.0.1-parse',
21 verbose parsed url   search: null,
21 verbose parsed url   query: null,
21 verbose parsed url   pathname: 'mandrill@git://github.com/flovilmart/parse-mandrill',
21 verbose parsed url   path: 'mandrill@git://github.com/flovilmart/parse-mandrill',
21 verbose parsed url   href: 'mandrill@git://github.com/flovilmart/parse-mandrill#0.0.1-parse' }
22 verbose cache add [ 'sendgrid@git://github.com/flovilmart/parse-sendgrid#0.0.1-parse',
22 verbose cache add   null ]
23 verbose cache add name=undefined spec="sendgrid@git://github.com/flovilmart/parse-sendgrid#0.0.1-parse" args=["sendgrid@git://github.com/flovilmart/parse-sendgrid#0.0.1-parse",null]
24 verbose parsed url { protocol: null,
24 verbose parsed url   slashes: null,
24 verbose parsed url   auth: null,
24 verbose parsed url   host: null,
24 verbose parsed url   port: null,
24 verbose parsed url   hostname: null,
24 verbose parsed url   hash: '#0.0.1-parse',
24 verbose parsed url   search: null,
24 verbose parsed url   query: null,
24 verbose parsed url   pathname: 'sendgrid@git://github.com/flovilmart/parse-sendgrid',
24 verbose parsed url   path: 'sendgrid@git://github.com/flovilmart/parse-sendgrid',
24 verbose parsed url   href: 'sendgrid@git://github.com/flovilmart/parse-sendgrid#0.0.1-parse' }
25 verbose cache add name="mailgun" spec="git://github.com/flovilmart/parse-mailgun#0.0.1-parse" args=["mailgun","git://github.com/flovilmart/parse-mailgun#0.0.1-parse"]
26 verbose parsed url { protocol: 'git:',
26 verbose parsed url   slashes: true,
26 verbose parsed url   auth: null,
26 verbose parsed url   host: 'github.com',
26 verbose parsed url   port: null,
26 verbose parsed url   hostname: 'github.com',
26 verbose parsed url   hash: '#0.0.1-parse',
26 verbose parsed url   search: null,
26 verbose parsed url   query: null,
26 verbose parsed url   pathname: '/flovilmart/parse-mailgun',
26 verbose parsed url   path: '/flovilmart/parse-mailgun',
26 verbose parsed url   href: 'git://github.com/flovilmart/parse-mailgun#0.0.1-parse' }
27 verbose cache add name="mandrill" spec="git://github.com/flovilmart/parse-mandrill#0.0.1-parse" args=["mandrill","git://github.com/flovilmart/parse-mandrill#0.0.1-parse"]
28 verbose parsed url { protocol: 'git:',
28 verbose parsed url   slashes: true,
28 verbose parsed url   auth: null,
28 verbose parsed url   host: 'github.com',
28 verbose parsed url   port: null,
28 verbose parsed url   hostname: 'github.com',
28 verbose parsed url   hash: '#0.0.1-parse',
28 verbose parsed url   search: null,
28 verbose parsed url   query: null,
28 verbose parsed url   pathname: '/flovilmart/parse-mandrill',
28 verbose parsed url   path: '/flovilmart/parse-mandrill',
28 verbose parsed url   href: 'git://github.com/flovilmart/parse-mandrill#0.0.1-parse' }
29 verbose cache add [ 'stripe@git://github.com/flovilmart/parse-stripe#2.5.0-parse',
29 verbose cache add   null ]
30 verbose cache add name=undefined spec="stripe@git://github.com/flovilmart/parse-stripe#2.5.0-parse" args=["stripe@git://github.com/flovilmart/parse-stripe#2.5.0-parse",null]
31 verbose parsed url { protocol: null,
31 verbose parsed url   slashes: null,
31 verbose parsed url   auth: null,
31 verbose parsed url   host: null,
31 verbose parsed url   port: null,
31 verbose parsed url   hostname: null,
31 verbose parsed url   hash: '#2.5.0-parse',
31 verbose parsed url   search: null,
31 verbose parsed url   query: null,
31 verbose parsed url   pathname: 'stripe@git://github.com/flovilmart/parse-stripe',
31 verbose parsed url   path: 'stripe@git://github.com/flovilmart/parse-stripe',
31 verbose parsed url   href: 'stripe@git://github.com/flovilmart/parse-stripe#2.5.0-parse' }
32 verbose already installed skipping twilio@~1.6.0 /Users/adityadevgupta/Documents/STANFORD/CS 194/cs194-project
33 verbose cache add name="sendgrid" spec="git://github.com/flovilmart/parse-sendgrid#0.0.1-parse" args=["sendgrid","git://github.com/flovilmart/parse-sendgrid#0.0.1-parse"]
34 verbose parsed url { protocol: 'git:',
34 verbose parsed url   slashes: true,
34 verbose parsed url   auth: null,
34 verbose parsed url   host: 'github.com',
34 verbose parsed url   port: null,
34 verbose parsed url   hostname: 'github.com',
34 verbose parsed url   hash: '#0.0.1-parse',
34 verbose parsed url   search: null,
34 verbose parsed url   query: null,
34 verbose parsed url   pathname: '/flovilmart/parse-sendgrid',
34 verbose parsed url   path: '/flovilmart/parse-sendgrid',
34 verbose parsed url   href: 'git://github.com/flovilmart/parse-sendgrid#0.0.1-parse' }
35 silly lockFile 083b7fec-hub-com-flovilmart-parse-mailgun git://github.com/flovilmart/parse-mailgun
36 verbose lock git://github.com/flovilmart/parse-mailgun /Users/adityadevgupta/.npm/083b7fec-hub-com-flovilmart-parse-mailgun.lock
37 silly lockFile 8ad32cf7-ub-com-flovilmart-parse-mandrill git://github.com/flovilmart/parse-mandrill
38 verbose lock git://github.com/flovilmart/parse-mandrill /Users/adityadevgupta/.npm/8ad32cf7-ub-com-flovilmart-parse-mandrill.lock
39 silly lockFile 71f0d44b-ub-com-flovilmart-parse-sendgrid git://github.com/flovilmart/parse-sendgrid
40 verbose lock git://github.com/flovilmart/parse-sendgrid /Users/adityadevgupta/.npm/71f0d44b-ub-com-flovilmart-parse-sendgrid.lock
41 verbose already installed skipping mongoose@~3.8.1 /Users/adityadevgupta/Documents/STANFORD/CS 194/cs194-project
42 verbose already installed skipping passport@~0.1.17 /Users/adityadevgupta/Documents/STANFORD/CS 194/cs194-project
43 verbose already installed skipping passport-local@~0.1.6 /Users/adityadevgupta/Documents/STANFORD/CS 194/cs194-project
44 verbose cache add name="stripe" spec="git://github.com/flovilmart/parse-stripe#2.5.0-parse" args=["stripe","git://github.com/flovilmart/parse-stripe#2.5.0-parse"]
45 verbose parsed url { protocol: 'git:',
45 verbose parsed url   slashes: true,
45 verbose parsed url   auth: null,
45 verbose parsed url   host: 'github.com',
45 verbose parsed url   port: null,
45 verbose parsed url   hostname: 'github.com',
45 verbose parsed url   hash: '#2.5.0-parse',
45 verbose parsed url   search: null,
45 verbose parsed url   query: null,
45 verbose parsed url   pathname: '/flovilmart/parse-stripe',
45 verbose parsed url   path: '/flovilmart/parse-stripe',
45 verbose parsed url   href: 'git://github.com/flovilmart/parse-stripe#2.5.0-parse' }
46 silly lockFile 71d65b73-thub-com-flovilmart-parse-stripe git://github.com/flovilmart/parse-stripe
47 verbose lock git://github.com/flovilmart/parse-stripe /Users/adityadevgupta/.npm/71d65b73-thub-com-flovilmart-parse-stripe.lock
48 verbose already installed skipping passport-google-oauth@~0.1.5 /Users/adityadevgupta/Documents/STANFORD/CS 194/cs194-project
49 verbose addRemoteGit [ 'git://github.com/flovilmart/parse-mandrill', '0.0.1-parse' ]
50 verbose addRemoteGit [ 'git://github.com/flovilmart/parse-mailgun', '0.0.1-parse' ]
51 verbose addRemoteGit [ 'git://github.com/flovilmart/parse-sendgrid', '0.0.1-parse' ]
52 verbose addRemoteGit [ 'git://github.com/flovilmart/parse-stripe', '2.5.0-parse' ]
53 verbose already installed skipping connect-flash@~0.1.1 /Users/adityadevgupta/Documents/STANFORD/CS 194/cs194-project
54 verbose cache add [ 'bcrypt-nodejs@latest', null ]
55 verbose cache add name=undefined spec="bcrypt-nodejs@latest" args=["bcrypt-nodejs@latest",null]
56 verbose parsed url { protocol: null,
56 verbose parsed url   slashes: null,
56 verbose parsed url   auth: null,
56 verbose parsed url   host: null,
56 verbose parsed url   port: null,
56 verbose parsed url   hostname: null,
56 verbose parsed url   hash: null,
56 verbose parsed url   search: null,
56 verbose parsed url   query: null,
56 verbose parsed url   pathname: 'bcrypt-nodejs@latest',
56 verbose parsed url   path: 'bcrypt-nodejs@latest',
56 verbose parsed url   href: 'bcrypt-nodejs@latest' }
57 verbose already installed skipping morgan@~1.0.0 /Users/adityadevgupta/Documents/STANFORD/CS 194/cs194-project
58 verbose cache add name="bcrypt-nodejs" spec="latest" args=["bcrypt-nodejs","latest"]
59 verbose parsed url { protocol: null,
59 verbose parsed url   slashes: null,
59 verbose parsed url   auth: null,
59 verbose parsed url   host: null,
59 verbose parsed url   port: null,
59 verbose parsed url   hostname: null,
59 verbose parsed url   hash: null,
59 verbose parsed url   search: null,
59 verbose parsed url   query: null,
59 verbose parsed url   pathname: 'latest',
59 verbose parsed url   path: 'latest',
59 verbose parsed url   href: 'latest' }
60 verbose addNamed [ 'bcrypt-nodejs', 'latest' ]
61 verbose addNamed [ null, null ]
62 silly lockFile 8a2c73f6-bcrypt-nodejs-latest bcrypt-nodejs@latest
63 verbose lock bcrypt-nodejs@latest /Users/adityadevgupta/.npm/8a2c73f6-bcrypt-nodejs-latest.lock
64 verbose already installed skipping body-parser@~1.0.0 /Users/adityadevgupta/Documents/STANFORD/CS 194/cs194-project
65 info addNameTag [ 'bcrypt-nodejs', 'latest' ]
66 verbose already installed skipping cookie-parser@~1.0.0 /Users/adityadevgupta/Documents/STANFORD/CS 194/cs194-project
67 verbose already installed skipping method-override@~1.0.0 /Users/adityadevgupta/Documents/STANFORD/CS 194/cs194-project
68 verbose already installed skipping express-session@~1.0.0 /Users/adityadevgupta/Documents/STANFORD/CS 194/cs194-project
69 verbose already installed skipping googleapis@~1.1.3 /Users/adityadevgupta/Documents/STANFORD/CS 194/cs194-project
70 verbose already installed skipping passport-oauth2-refresh@0.3.0 /Users/adityadevgupta/Documents/STANFORD/CS 194/cs194-project
71 verbose cache add [ 'btoa@1.1.2', null ]
72 verbose cache add name=undefined spec="btoa@1.1.2" args=["btoa@1.1.2",null]
73 verbose parsed url { protocol: null,
73 verbose parsed url   slashes: null,
73 verbose parsed url   auth: null,
73 verbose parsed url   host: null,
73 verbose parsed url   port: null,
73 verbose parsed url   hostname: null,
73 verbose parsed url   hash: null,
73 verbose parsed url   search: null,
73 verbose parsed url   query: null,
73 verbose parsed url   pathname: 'btoa@1.1.2',
73 verbose parsed url   path: 'btoa@1.1.2',
73 verbose parsed url   href: 'btoa@1.1.2' }
74 verbose cache add [ 'npm install valid-url@1.0.9', null ]
75 verbose cache add name=undefined spec="npm install valid-url@1.0.9" args=["npm install valid-url@1.0.9",null]
76 verbose parsed url { protocol: null,
76 verbose parsed url   slashes: null,
76 verbose parsed url   auth: null,
76 verbose parsed url   host: null,
76 verbose parsed url   port: null,
76 verbose parsed url   hostname: null,
76 verbose parsed url   hash: null,
76 verbose parsed url   search: null,
76 verbose parsed url   query: null,
76 verbose parsed url   pathname: 'npm%20install%20valid-url@1.0.9',
76 verbose parsed url   path: 'npm%20install%20valid-url@1.0.9',
76 verbose parsed url   href: 'npm%20install%20valid-url@1.0.9' }
77 verbose cache add name="btoa" spec="1.1.2" args=["btoa","1.1.2"]
78 verbose parsed url { protocol: null,
78 verbose parsed url   slashes: null,
78 verbose parsed url   auth: null,
78 verbose parsed url   host: null,
78 verbose parsed url   port: null,
78 verbose parsed url   hostname: null,
78 verbose parsed url   hash: null,
78 verbose parsed url   search: null,
78 verbose parsed url   query: null,
78 verbose parsed url   pathname: '1.1.2',
78 verbose parsed url   path: '1.1.2',
78 verbose parsed url   href: '1.1.2' }
79 verbose addNamed [ 'btoa', '1.1.2' ]
80 verbose addNamed [ '1.1.2', '1.1.2' ]
81 silly lockFile f1235312-btoa-1-1-2 btoa@1.1.2
82 verbose lock btoa@1.1.2 /Users/adityadevgupta/.npm/f1235312-btoa-1-1-2.lock
83 verbose already installed skipping forever-monitor@~1.2.3 /Users/adityadevgupta/Documents/STANFORD/CS 194/cs194-project
84 verbose already installed skipping rc@~0.4.0 /Users/adityadevgupta/Documents/STANFORD/CS 194/cs194-project
85 verbose already installed skipping parse-cloud@~0.0.3 /Users/adityadevgupta/Documents/STANFORD/CS 194/cs194-project
86 verbose already installed skipping parse-express-cookie-session@~0.0.3 /Users/adityadevgupta/Documents/STANFORD/CS 194/cs194-project
87 verbose already installed skipping parse-express-https-redirect@~0.0.1 /Users/adityadevgupta/Documents/STANFORD/CS 194/cs194-project
88 verbose cache add name="npm install valid-url" spec="1.0.9" args=["npm install valid-url","1.0.9"]
89 verbose parsed url { protocol: null,
89 verbose parsed url   slashes: null,
89 verbose parsed url   auth: null,
89 verbose parsed url   host: null,
89 verbose parsed url   port: null,
89 verbose parsed url   hostname: null,
89 verbose parsed url   hash: null,
89 verbose parsed url   search: null,
89 verbose parsed url   query: null,
89 verbose parsed url   pathname: '1.0.9',
89 verbose parsed url   path: '1.0.9',
89 verbose parsed url   href: '1.0.9' }
90 verbose addNamed [ 'npm install valid-url', '1.0.9' ]
91 verbose addNamed [ '1.0.9', '1.0.9' ]
92 silly lockFile f3a76a75-npm-install-valid-url-1-0-9 npm install valid-url@1.0.9
93 verbose lock npm install valid-url@1.0.9 /Users/adityadevgupta/.npm/f3a76a75-npm-install-valid-url-1-0-9.lock
94 verbose already installed skipping parse-express-raw-body@~0.0.1 /Users/adityadevgupta/Documents/STANFORD/CS 194/cs194-project
95 verbose already installed skipping parse-image@~0.0.4 /Users/adityadevgupta/Documents/STANFORD/CS 194/cs194-project
96 verbose cache add [ 'express@git://github.com/flovilmart/express#3.1.0-parse',
96 verbose cache add   null ]
97 verbose cache add name=undefined spec="express@git://github.com/flovilmart/express#3.1.0-parse" args=["express@git://github.com/flovilmart/express#3.1.0-parse",null]
98 verbose parsed url { protocol: null,
98 verbose parsed url   slashes: null,
98 verbose parsed url   auth: null,
98 verbose parsed url   host: null,
98 verbose parsed url   port: null,
98 verbose parsed url   hostname: null,
98 verbose parsed url   hash: '#3.1.0-parse',
98 verbose parsed url   search: null,
98 verbose parsed url   query: null,
98 verbose parsed url   pathname: 'express@git://github.com/flovilmart/express',
98 verbose parsed url   path: 'express@git://github.com/flovilmart/express',
98 verbose parsed url   href: 'express@git://github.com/flovilmart/express#3.1.0-parse' }
99 verbose request where is /btoa
100 verbose request registry https://registry.npmjs.org/
101 verbose request id 6a666579e044a942
102 verbose url raw /btoa
103 verbose url resolving [ 'https://registry.npmjs.org/', './btoa' ]
104 verbose url resolved https://registry.npmjs.org/btoa
105 verbose request where is https://registry.npmjs.org/btoa
106 info trying registry request attempt 1 at 20:22:16
107 http GET https://registry.npmjs.org/btoa
108 verbose already installed skipping ejs@~0.8.3 /Users/adityadevgupta/Documents/STANFORD/CS 194/cs194-project
109 verbose cache add name="express" spec="git://github.com/flovilmart/express#3.1.0-parse" args=["express","git://github.com/flovilmart/express#3.1.0-parse"]
110 verbose parsed url { protocol: 'git:',
110 verbose parsed url   slashes: true,
110 verbose parsed url   auth: null,
110 verbose parsed url   host: 'github.com',
110 verbose parsed url   port: null,
110 verbose parsed url   hostname: 'github.com',
110 verbose parsed url   hash: '#3.1.0-parse',
110 verbose parsed url   search: null,
110 verbose parsed url   query: null,
110 verbose parsed url   pathname: '/flovilmart/express',
110 verbose parsed url   path: '/flovilmart/express',
110 verbose parsed url   href: 'git://github.com/flovilmart/express#3.1.0-parse' }
111 silly lockFile f23d0553-it-github-com-flovilmart-express git://github.com/flovilmart/express
112 verbose lock git://github.com/flovilmart/express /Users/adityadevgupta/.npm/f23d0553-it-github-com-flovilmart-express.lock
113 verbose request where is /bcrypt-nodejs
114 verbose request registry https://registry.npmjs.org/
115 verbose url raw /bcrypt-nodejs
116 verbose url resolving [ 'https://registry.npmjs.org/', './bcrypt-nodejs' ]
117 verbose url resolved https://registry.npmjs.org/bcrypt-nodejs
118 verbose request where is https://registry.npmjs.org/bcrypt-nodejs
119 info trying registry request attempt 1 at 20:22:16
120 verbose etag "89UEW5GZGQPJBVEOXEPXX8EL6"
121 http GET https://registry.npmjs.org/bcrypt-nodejs
122 verbose addRemoteGit [ 'git://github.com/flovilmart/express', '3.1.0-parse' ]
123 verbose request where is /npm%20install%20valid-url
124 verbose request registry https://registry.npmjs.org/
125 verbose url raw /npm%20install%20valid-url
126 verbose url resolving [ 'https://registry.npmjs.org/',
126 verbose url resolving   './npm%2520install%2520valid-url' ]
127 verbose url resolved https://registry.npmjs.org/npm%2520install%2520valid-url
128 verbose request where is https://registry.npmjs.org/npm%2520install%2520valid-url
129 info trying registry request attempt 1 at 20:22:16
130 http GET https://registry.npmjs.org/npm%2520install%2520valid-url
131 http 304 https://registry.npmjs.org/bcrypt-nodejs
132 silly registry.get cb [ 304,
132 silly registry.get   { date: 'Wed, 04 Mar 2015 04:22:16 GMT',
132 silly registry.get     server: 'Apache',
132 silly registry.get     via: '1.1 varnish',
132 silly registry.get     'last-modified': 'Wed, 04 Mar 2015 04:22:16 GMT',
132 silly registry.get     'cache-control': 'max-age=60',
132 silly registry.get     etag: '"89UEW5GZGQPJBVEOXEPXX8EL6"',
132 silly registry.get     age: '0',
132 silly registry.get     'x-served-by': 'cache-sjc3128-SJC',
132 silly registry.get     'x-cache': 'HIT',
132 silly registry.get     'x-cache-hits': '1',
132 silly registry.get     'x-timer': 'S1425442936.718466,VS0,VE31',
132 silly registry.get     vary: 'Accept',
132 silly registry.get     'content-length': '0',
132 silly registry.get     'keep-alive': 'timeout=10, max=50',
132 silly registry.get     connection: 'Keep-Alive' } ]
133 verbose etag https://registry.npmjs.org/bcrypt-nodejs from cache
134 http 200 https://registry.npmjs.org/btoa
135 silly registry.get cb [ 200,
135 silly registry.get   { date: 'Wed, 04 Mar 2015 04:22:16 GMT',
135 silly registry.get     server: 'CouchDB/1.5.0 (Erlang OTP/R16B03)',
135 silly registry.get     etag: '"27R6CCWAXJKL3KUQ8GB4TO890"',
135 silly registry.get     'content-type': 'application/json',
135 silly registry.get     'cache-control': 'max-age=60',
135 silly registry.get     'content-length': '5869',
135 silly registry.get     'accept-ranges': 'bytes',
135 silly registry.get     via: '1.1 varnish',
135 silly registry.get     age: '0',
135 silly registry.get     'x-served-by': 'cache-sjc3130-SJC',
135 silly registry.get     'x-cache': 'MISS',
135 silly registry.get     'x-cache-hits': '0',
135 silly registry.get     'x-timer': 'S1425442936.717208,VS0,VE37',
135 silly registry.get     vary: 'Accept',
135 silly registry.get     'keep-alive': 'timeout=10, max=50',
135 silly registry.get     connection: 'Keep-Alive' } ]
136 verbose addNamed [ 'bcrypt-nodejs', '0.0.3' ]
137 verbose addNamed [ '0.0.3', '0.0.3' ]
138 silly lockFile 30db234c-bcrypt-nodejs-0-0-3 bcrypt-nodejs@0.0.3
139 verbose lock bcrypt-nodejs@0.0.3 /Users/adityadevgupta/.npm/30db234c-bcrypt-nodejs-0-0-3.lock
140 silly lockFile eb661706-ry-npmjs-org-btoa-btoa-1-1-2-tgz https://registry.npmjs.org/btoa/-/btoa-1.1.2.tgz
141 verbose lock https://registry.npmjs.org/btoa/-/btoa-1.1.2.tgz /Users/adityadevgupta/.npm/eb661706-ry-npmjs-org-btoa-btoa-1-1-2-tgz.lock
142 verbose addRemoteTarball [ 'https://registry.npmjs.org/btoa/-/btoa-1.1.2.tgz',
142 verbose addRemoteTarball   '3e40b81663f81d2dd6596a4cb714a8dc16cfabe0' ]
143 silly lockFile 30db234c-bcrypt-nodejs-0-0-3 bcrypt-nodejs@0.0.3
144 silly lockFile 30db234c-bcrypt-nodejs-0-0-3 bcrypt-nodejs@0.0.3
145 silly lockFile 8a2c73f6-bcrypt-nodejs-latest bcrypt-nodejs@latest
146 silly lockFile 8a2c73f6-bcrypt-nodejs-latest bcrypt-nodejs@latest
147 info retry fetch attempt 1 at 20:22:16
148 verbose fetch to= /tmp/npm-1285-pSDQ83HO/registry.npmjs.org/btoa/-/btoa-1.1.2.tgz
149 http GET https://registry.npmjs.org/btoa/-/btoa-1.1.2.tgz
150 info already installed bcrypt-nodejs@0.0.3
151 http 404 https://registry.npmjs.org/npm%2520install%2520valid-url
152 verbose headers { date: 'Wed, 04 Mar 2015 04:22:16 GMT',
152 verbose headers   server: 'CouchDB/1.5.0 (Erlang OTP/R16B03)',
152 verbose headers   'content-type': 'application/json',
152 verbose headers   'cache-control': 'max-age=0',
152 verbose headers   'content-length': '52',
152 verbose headers   'accept-ranges': 'bytes',
152 verbose headers   via: '1.1 varnish',
152 verbose headers   age: '0',
152 verbose headers   'x-served-by': 'cache-sjc3122-SJC',
152 verbose headers   'x-cache': 'MISS',
152 verbose headers   'x-cache-hits': '0',
152 verbose headers   'x-timer': 'S1425442936.722221,VS0,VE84',
152 verbose headers   'keep-alive': 'timeout=10, max=50',
152 verbose headers   connection: 'Keep-Alive' }
153 silly registry.get cb [ 404,
153 silly registry.get   { date: 'Wed, 04 Mar 2015 04:22:16 GMT',
153 silly registry.get     server: 'CouchDB/1.5.0 (Erlang OTP/R16B03)',
153 silly registry.get     'content-type': 'application/json',
153 silly registry.get     'cache-control': 'max-age=0',
153 silly registry.get     'content-length': '52',
153 silly registry.get     'accept-ranges': 'bytes',
153 silly registry.get     via: '1.1 varnish',
153 silly registry.get     age: '0',
153 silly registry.get     'x-served-by': 'cache-sjc3122-SJC',
153 silly registry.get     'x-cache': 'MISS',
153 silly registry.get     'x-cache-hits': '0',
153 silly registry.get     'x-timer': 'S1425442936.722221,VS0,VE84',
153 silly registry.get     'keep-alive': 'timeout=10, max=50',
153 silly registry.get     connection: 'Keep-Alive' } ]
154 silly lockFile f3a76a75-npm-install-valid-url-1-0-9 npm install valid-url@1.0.9
155 silly lockFile f3a76a75-npm-install-valid-url-1-0-9 npm install valid-url@1.0.9
156 http 200 https://registry.npmjs.org/btoa/-/btoa-1.1.2.tgz
157 silly lockFile eb661706-ry-npmjs-org-btoa-btoa-1-1-2-tgz https://registry.npmjs.org/btoa/-/btoa-1.1.2.tgz
158 silly lockFile eb661706-ry-npmjs-org-btoa-btoa-1-1-2-tgz https://registry.npmjs.org/btoa/-/btoa-1.1.2.tgz
159 silly lockFile f1235312-btoa-1-1-2 btoa@1.1.2
160 silly lockFile f1235312-btoa-1-1-2 btoa@1.1.2
161 verbose git remote.origin.url git://github.com/flovilmart/parse-mailgun
162 verbose git remote.origin.url git://github.com/flovilmart/parse-stripe
163 verbose git remote.origin.url git://github.com/flovilmart/parse-mandrill
164 verbose git remote.origin.url git://github.com/flovilmart/parse-sendgrid
165 verbose git remote.origin.url git://github.com/flovilmart/express
166 verbose git fetch -a origin (git://github.com/flovilmart/parse-sendgrid)
167 verbose git fetch -a origin (git://github.com/flovilmart/parse-stripe)
168 verbose git fetch -a origin (git://github.com/flovilmart/parse-mailgun)
169 verbose git fetch -a origin (git://github.com/flovilmart/parse-mandrill)
170 verbose git rev-list -n1 0.0.1-parse cbcbc4239e2c7478ac5220843fd249f4d6d8e497
171 verbose resolved git url git://github.com/flovilmart/parse-mailgun#cbcbc4239e2c7478ac5220843fd249f4d6d8e497
172 verbose git rev-list -n1 2.5.0-parse 124c09882c9f289ca7354051e0de18c4388d9f31
173 verbose resolved git url git://github.com/flovilmart/parse-stripe#124c09882c9f289ca7354051e0de18c4388d9f31
174 verbose git rev-list -n1 0.0.1-parse d9afacb2ef1daf596a1e8668c9e64ba9e6f0e430
175 verbose resolved git url git://github.com/flovilmart/parse-mandrill#d9afacb2ef1daf596a1e8668c9e64ba9e6f0e430
176 verbose git rev-list -n1 0.0.1-parse ccdb61cb473209f0ff963fe978aa61c1c2e6dbb5
177 verbose resolved git url git://github.com/flovilmart/parse-sendgrid#ccdb61cb473209f0ff963fe978aa61c1c2e6dbb5
178 verbose tar unpack /tmp/npm-1285-pSDQ83HO/1425442939804-0.15649648406542838/tmp.tgz
179 silly lockFile 6c387002-15649648406542838-tmp-tgz-unpack tar:///tmp/npm-1285-pSDQ83HO/1425442939804-0.15649648406542838/tmp.tgz-unpack
180 verbose lock tar:///tmp/npm-1285-pSDQ83HO/1425442939804-0.15649648406542838/tmp.tgz-unpack /Users/adityadevgupta/.npm/6c387002-15649648406542838-tmp-tgz-unpack.lock
181 silly lockFile 080ba02f-9804-0-15649648406542838-tmp-tgz tar:///tmp/npm-1285-pSDQ83HO/1425442939804-0.15649648406542838/tmp.tgz
182 verbose lock tar:///tmp/npm-1285-pSDQ83HO/1425442939804-0.15649648406542838/tmp.tgz /Users/adityadevgupta/.npm/080ba02f-9804-0-15649648406542838-tmp-tgz.lock
183 verbose tar unpack /tmp/npm-1285-pSDQ83HO/1425442939804-0.5038929549045861/tmp.tgz
184 silly lockFile 9f499265--5038929549045861-tmp-tgz-unpack tar:///tmp/npm-1285-pSDQ83HO/1425442939804-0.5038929549045861/tmp.tgz-unpack
185 verbose lock tar:///tmp/npm-1285-pSDQ83HO/1425442939804-0.5038929549045861/tmp.tgz-unpack /Users/adityadevgupta/.npm/9f499265--5038929549045861-tmp-tgz-unpack.lock
186 silly lockFile 2246359c-39804-0-5038929549045861-tmp-tgz tar:///tmp/npm-1285-pSDQ83HO/1425442939804-0.5038929549045861/tmp.tgz
187 verbose lock tar:///tmp/npm-1285-pSDQ83HO/1425442939804-0.5038929549045861/tmp.tgz /Users/adityadevgupta/.npm/2246359c-39804-0-5038929549045861-tmp-tgz.lock
188 silly gunzTarPerm modes [ '755', '644' ]
189 verbose tar unpack /tmp/npm-1285-pSDQ83HO/1425442939803-0.6548306185286492/tmp.tgz
190 silly lockFile 08538e10--6548306185286492-tmp-tgz-unpack tar:///tmp/npm-1285-pSDQ83HO/1425442939803-0.6548306185286492/tmp.tgz-unpack
191 verbose lock tar:///tmp/npm-1285-pSDQ83HO/1425442939803-0.6548306185286492/tmp.tgz-unpack /Users/adityadevgupta/.npm/08538e10--6548306185286492-tmp-tgz-unpack.lock
192 silly lockFile 4b7d0cec-39803-0-6548306185286492-tmp-tgz tar:///tmp/npm-1285-pSDQ83HO/1425442939803-0.6548306185286492/tmp.tgz
193 verbose lock tar:///tmp/npm-1285-pSDQ83HO/1425442939803-0.6548306185286492/tmp.tgz /Users/adityadevgupta/.npm/4b7d0cec-39803-0-6548306185286492-tmp-tgz.lock
194 silly gunzTarPerm modes [ '755', '644' ]
195 silly gunzTarPerm modes [ '755', '644' ]
196 silly gunzTarPerm extractEntry
197 silly gunzTarPerm modified mode [ '', 509, 493 ]
198 silly gunzTarPerm extractEntry
199 silly gunzTarPerm modified mode [ '', 509, 493 ]
200 silly gunzTarPerm extractEntry
201 silly gunzTarPerm modified mode [ '', 509, 493 ]
202 verbose git fetch -a origin (git://github.com/flovilmart/express)
203 silly gunzTarPerm extractEntry .gitignore
204 silly gunzTarPerm modified mode [ '.gitignore', 436, 420 ]
205 silly gunzTarPerm extractEntry LICENSE
206 silly gunzTarPerm modified mode [ 'LICENSE', 436, 420 ]
207 silly gunzTarPerm extractEntry README.md
208 silly gunzTarPerm modified mode [ 'README.md', 436, 420 ]
209 silly gunzTarPerm extractEntry .gitignore
210 silly gunzTarPerm modified mode [ '.gitignore', 436, 420 ]
211 silly gunzTarPerm extractEntry LICENSE
212 silly gunzTarPerm modified mode [ 'LICENSE', 436, 420 ]
213 silly gunzTarPerm extractEntry README.md
214 silly gunzTarPerm modified mode [ 'README.md', 436, 420 ]
215 silly gunzTarPerm extractEntry .gitignore
216 silly gunzTarPerm modified mode [ '.gitignore', 436, 420 ]
217 silly gunzTarPerm extractEntry LICENSE
218 silly gunzTarPerm modified mode [ 'LICENSE', 436, 420 ]
219 silly gunzTarPerm extractEntry README.md
220 silly gunzTarPerm modified mode [ 'README.md', 436, 420 ]
221 silly gunzTarPerm extractEntry index.js
222 silly gunzTarPerm modified mode [ 'index.js', 436, 420 ]
223 silly gunzTarPerm extractEntry package.json
224 silly gunzTarPerm modified mode [ 'package.json', 436, 420 ]
225 silly gunzTarPerm extractEntry index.js
226 silly gunzTarPerm modified mode [ 'index.js', 436, 420 ]
227 silly gunzTarPerm extractEntry package.json
228 silly gunzTarPerm modified mode [ 'package.json', 436, 420 ]
229 silly gunzTarPerm extractEntry index.js
230 silly gunzTarPerm modified mode [ 'index.js', 436, 420 ]
231 silly gunzTarPerm extractEntry package.json
232 silly gunzTarPerm modified mode [ 'package.json', 436, 420 ]
233 verbose git rev-list -n1 3.1.0-parse 8cef6d7c59a29e93b9d4cc75b24159e41f9e2118
234 verbose resolved git url git://github.com/flovilmart/express#8cef6d7c59a29e93b9d4cc75b24159e41f9e2118
235 verbose tar unpack /tmp/npm-1285-pSDQ83HO/1425442939803-0.11571545572951436/tmp.tgz
236 silly lockFile f371082c-11571545572951436-tmp-tgz-unpack tar:///tmp/npm-1285-pSDQ83HO/1425442939803-0.11571545572951436/tmp.tgz-unpack
237 verbose lock tar:///tmp/npm-1285-pSDQ83HO/1425442939803-0.11571545572951436/tmp.tgz-unpack /Users/adityadevgupta/.npm/f371082c-11571545572951436-tmp-tgz-unpack.lock
238 silly lockFile a078ccc4-9803-0-11571545572951436-tmp-tgz tar:///tmp/npm-1285-pSDQ83HO/1425442939803-0.11571545572951436/tmp.tgz
239 verbose lock tar:///tmp/npm-1285-pSDQ83HO/1425442939803-0.11571545572951436/tmp.tgz /Users/adityadevgupta/.npm/a078ccc4-9803-0-11571545572951436-tmp-tgz.lock
240 silly gunzTarPerm modes [ '755', '644' ]
241 silly gunzTarPerm extractEntry
242 silly gunzTarPerm modified mode [ '', 509, 493 ]
243 silly gunzTarPerm extractEntry .DS_Store
244 silly gunzTarPerm modified mode [ '.DS_Store', 436, 420 ]
245 silly gunzTarPerm extractEntry CHANGELOG
246 silly gunzTarPerm modified mode [ 'CHANGELOG', 436, 420 ]
247 silly gunzTarPerm extractEntry Changes
248 silly gunzTarPerm modified mode [ 'Changes', 436, 420 ]
249 silly gunzTarPerm extractEntry LICENSE
250 silly gunzTarPerm modified mode [ 'LICENSE', 436, 420 ]
251 silly gunzTarPerm extractEntry README.md
252 silly gunzTarPerm modified mode [ 'README.md', 436, 420 ]
253 silly lockFile 9f499265--5038929549045861-tmp-tgz-unpack tar:///tmp/npm-1285-pSDQ83HO/1425442939804-0.5038929549045861/tmp.tgz-unpack
254 silly lockFile 9f499265--5038929549045861-tmp-tgz-unpack tar:///tmp/npm-1285-pSDQ83HO/1425442939804-0.5038929549045861/tmp.tgz-unpack
255 silly lockFile 2246359c-39804-0-5038929549045861-tmp-tgz tar:///tmp/npm-1285-pSDQ83HO/1425442939804-0.5038929549045861/tmp.tgz
256 silly lockFile 2246359c-39804-0-5038929549045861-tmp-tgz tar:///tmp/npm-1285-pSDQ83HO/1425442939804-0.5038929549045861/tmp.tgz
257 silly lockFile 08538e10--6548306185286492-tmp-tgz-unpack tar:///tmp/npm-1285-pSDQ83HO/1425442939803-0.6548306185286492/tmp.tgz-unpack
258 silly lockFile 08538e10--6548306185286492-tmp-tgz-unpack tar:///tmp/npm-1285-pSDQ83HO/1425442939803-0.6548306185286492/tmp.tgz-unpack
259 silly gunzTarPerm extractEntry VERSION
260 silly gunzTarPerm modified mode [ 'VERSION', 436, 420 ]
261 silly lockFile 4b7d0cec-39803-0-6548306185286492-tmp-tgz tar:///tmp/npm-1285-pSDQ83HO/1425442939803-0.6548306185286492/tmp.tgz
262 silly lockFile 4b7d0cec-39803-0-6548306185286492-tmp-tgz tar:///tmp/npm-1285-pSDQ83HO/1425442939803-0.6548306185286492/tmp.tgz
263 silly lockFile 6c387002-15649648406542838-tmp-tgz-unpack tar:///tmp/npm-1285-pSDQ83HO/1425442939804-0.15649648406542838/tmp.tgz-unpack
264 silly lockFile 6c387002-15649648406542838-tmp-tgz-unpack tar:///tmp/npm-1285-pSDQ83HO/1425442939804-0.15649648406542838/tmp.tgz-unpack
265 silly gunzTarPerm extractEntry data/
266 silly gunzTarPerm modified mode [ 'data/', 509, 493 ]
267 silly gunzTarPerm extractEntry data/blacklisted_fingerprints
268 silly gunzTarPerm modified mode [ 'data/blacklisted_fingerprints', 436, 420 ]
269 silly lockFile 080ba02f-9804-0-15649648406542838-tmp-tgz tar:///tmp/npm-1285-pSDQ83HO/1425442939804-0.15649648406542838/tmp.tgz
270 silly lockFile 080ba02f-9804-0-15649648406542838-tmp-tgz tar:///tmp/npm-1285-pSDQ83HO/1425442939804-0.15649648406542838/tmp.tgz
271 silly lockFile 083b7fec-hub-com-flovilmart-parse-mailgun git://github.com/flovilmart/parse-mailgun
272 silly lockFile 083b7fec-hub-com-flovilmart-parse-mailgun git://github.com/flovilmart/parse-mailgun
273 silly gunzTarPerm extractEntry lib/
274 silly gunzTarPerm modified mode [ 'lib/', 509, 493 ]
275 silly gunzTarPerm extractEntry lib/Error.js
276 silly gunzTarPerm modified mode [ 'lib/Error.js', 436, 420 ]
277 silly lockFile 71f0d44b-ub-com-flovilmart-parse-sendgrid git://github.com/flovilmart/parse-sendgrid
278 silly lockFile 71f0d44b-ub-com-flovilmart-parse-sendgrid git://github.com/flovilmart/parse-sendgrid
279 silly gunzTarPerm extractEntry lib/StripeMethod.basic.js
280 silly gunzTarPerm modified mode [ 'lib/StripeMethod.basic.js', 436, 420 ]
281 silly gunzTarPerm extractEntry lib/StripeMethod.js
282 silly gunzTarPerm modified mode [ 'lib/StripeMethod.js', 436, 420 ]
283 silly lockFile 8ad32cf7-ub-com-flovilmart-parse-mandrill git://github.com/flovilmart/parse-mandrill
284 silly lockFile 8ad32cf7-ub-com-flovilmart-parse-mandrill git://github.com/flovilmart/parse-mandrill
285 silly gunzTarPerm extractEntry lib/StripeResource.js
286 silly gunzTarPerm modified mode [ 'lib/StripeResource.js', 436, 420 ]
287 silly gunzTarPerm extractEntry lib/resources/
288 silly gunzTarPerm modified mode [ 'lib/resources/', 509, 493 ]
289 silly gunzTarPerm extractEntry lib/resources/Account.js
290 silly gunzTarPerm modified mode [ 'lib/resources/Account.js', 436, 420 ]
291 silly gunzTarPerm extractEntry lib/resources/ApplicationFees.js
292 silly gunzTarPerm modified mode [ 'lib/resources/ApplicationFees.js', 436, 420 ]
293 silly gunzTarPerm extractEntry lib/resources/Balance.js
294 silly gunzTarPerm modified mode [ 'lib/resources/Balance.js', 436, 420 ]
295 silly gunzTarPerm extractEntry lib/resources/Charges.js
296 silly gunzTarPerm modified mode [ 'lib/resources/Charges.js', 436, 420 ]
297 silly gunzTarPerm extractEntry lib/resources/Coupons.js
298 silly gunzTarPerm modified mode [ 'lib/resources/Coupons.js', 436, 420 ]
299 silly gunzTarPerm extractEntry lib/resources/CustomerCards.js
300 silly gunzTarPerm modified mode [ 'lib/resources/CustomerCards.js', 436, 420 ]
301 silly gunzTarPerm extractEntry lib/resources/CustomerSubscriptions.js
302 silly gunzTarPerm modified mode [ 'lib/resources/CustomerSubscriptions.js', 436, 420 ]
303 silly gunzTarPerm extractEntry lib/resources/Customers.js
304 silly gunzTarPerm modified mode [ 'lib/resources/Customers.js', 436, 420 ]
305 silly gunzTarPerm extractEntry lib/resources/Events.js
306 silly gunzTarPerm modified mode [ 'lib/resources/Events.js', 436, 420 ]
307 silly gunzTarPerm extractEntry lib/resources/InvoiceItems.js
308 silly gunzTarPerm modified mode [ 'lib/resources/InvoiceItems.js', 436, 420 ]
309 silly gunzTarPerm extractEntry lib/resources/Invoices.js
310 silly gunzTarPerm modified mode [ 'lib/resources/Invoices.js', 436, 420 ]
311 silly gunzTarPerm extractEntry lib/resources/Plans.js
312 silly gunzTarPerm modified mode [ 'lib/resources/Plans.js', 436, 420 ]
313 silly gunzTarPerm extractEntry lib/resources/Recipients.js
314 silly gunzTarPerm modified mode [ 'lib/resources/Recipients.js', 436, 420 ]
315 silly gunzTarPerm extractEntry lib/resources/Tokens.js
316 silly gunzTarPerm modified mode [ 'lib/resources/Tokens.js', 436, 420 ]
317 silly gunzTarPerm extractEntry lib/resources/Transfers.js
318 silly gunzTarPerm modified mode [ 'lib/resources/Transfers.js', 436, 420 ]
319 silly gunzTarPerm extractEntry lib/stripe.js
320 silly gunzTarPerm modified mode [ 'lib/stripe.js', 436, 420 ]
321 silly gunzTarPerm extractEntry lib/utils.js
322 silly gunzTarPerm modified mode [ 'lib/utils.js', 436, 420 ]
323 silly gunzTarPerm extractEntry npm-debug.log
324 silly gunzTarPerm modified mode [ 'npm-debug.log', 436, 420 ]
325 silly gunzTarPerm extractEntry package.json
326 silly gunzTarPerm modified mode [ 'package.json', 436, 420 ]
327 silly gunzTarPerm extractEntry test/
328 silly gunzTarPerm modified mode [ 'test/', 509, 493 ]
329 silly gunzTarPerm extractEntry test/Error.spec.js
330 silly gunzTarPerm modified mode [ 'test/Error.spec.js', 436, 420 ]
331 silly gunzTarPerm extractEntry test/flows.spec.js
332 silly gunzTarPerm modified mode [ 'test/flows.spec.js', 436, 420 ]
333 silly gunzTarPerm extractEntry test/mocha.opts
334 silly gunzTarPerm modified mode [ 'test/mocha.opts', 436, 420 ]
335 silly gunzTarPerm extractEntry test/resources/
336 silly gunzTarPerm modified mode [ 'test/resources/', 509, 493 ]
337 silly gunzTarPerm extractEntry test/resources/Account.spec.js
338 silly gunzTarPerm modified mode [ 'test/resources/Account.spec.js', 436, 420 ]
339 silly gunzTarPerm extractEntry test/resources/ApplicationFees.spec.js
340 silly gunzTarPerm modified mode [ 'test/resources/ApplicationFees.spec.js', 436, 420 ]
341 silly gunzTarPerm extractEntry test/resources/Balance.spec.js
342 silly gunzTarPerm modified mode [ 'test/resources/Balance.spec.js', 436, 420 ]
343 silly gunzTarPerm extractEntry test/resources/Charges.spec.js
344 silly gunzTarPerm modified mode [ 'test/resources/Charges.spec.js', 436, 420 ]
345 silly gunzTarPerm extractEntry test/resources/Coupons.spec.js
346 silly gunzTarPerm modified mode [ 'test/resources/Coupons.spec.js', 436, 420 ]
347 silly gunzTarPerm extractEntry test/resources/CustomerCards.spec.js
348 silly gunzTarPerm modified mode [ 'test/resources/CustomerCards.spec.js', 436, 420 ]
349 silly gunzTarPerm extractEntry test/resources/CustomerSubscriptions.spec.js
350 silly gunzTarPerm modified mode [ 'test/resources/CustomerSubscriptions.spec.js', 436, 420 ]
351 silly gunzTarPerm extractEntry test/resources/Customers.spec.js
352 silly gunzTarPerm modified mode [ 'test/resources/Customers.spec.js', 436, 420 ]
353 silly gunzTarPerm extractEntry test/resources/Events.spec.js
354 silly gunzTarPerm modified mode [ 'test/resources/Events.spec.js', 436, 420 ]
355 silly gunzTarPerm extractEntry test/resources/InvoiceItems.spec.js
356 silly gunzTarPerm modified mode [ 'test/resources/InvoiceItems.spec.js', 436, 420 ]
357 silly gunzTarPerm extractEntry test/resources/Invoices.spec.js
358 silly gunzTarPerm modified mode [ 'test/resources/Invoices.spec.js', 436, 420 ]
359 silly gunzTarPerm extractEntry test/resources/Plans.spec.js
360 silly gunzTarPerm modified mode [ 'test/resources/Plans.spec.js', 436, 420 ]
361 silly gunzTarPerm extractEntry test/resources/Recipients.spec.js
362 silly gunzTarPerm modified mode [ 'test/resources/Recipients.spec.js', 436, 420 ]
363 silly gunzTarPerm extractEntry test/resources/Tokens.spec.js
364 silly gunzTarPerm modified mode [ 'test/resources/Tokens.spec.js', 436, 420 ]
365 silly gunzTarPerm extractEntry test/resources/Transfers.spec.js
366 silly gunzTarPerm modified mode [ 'test/resources/Transfers.spec.js', 436, 420 ]
367 silly gunzTarPerm extractEntry test/stripe.spec.js
368 silly gunzTarPerm modified mode [ 'test/stripe.spec.js', 436, 420 ]
369 silly gunzTarPerm extractEntry test/testUtils.js
370 silly gunzTarPerm modified mode [ 'test/testUtils.js', 436, 420 ]
371 silly gunzTarPerm extractEntry test/utils.spec.js
372 silly gunzTarPerm modified mode [ 'test/utils.spec.js', 436, 420 ]
373 verbose tar unpack /tmp/npm-1285-pSDQ83HO/1425442939904-0.06088322470895946/tmp.tgz
374 silly lockFile bc18dcae-06088322470895946-tmp-tgz-unpack tar:///tmp/npm-1285-pSDQ83HO/1425442939904-0.06088322470895946/tmp.tgz-unpack
375 verbose lock tar:///tmp/npm-1285-pSDQ83HO/1425442939904-0.06088322470895946/tmp.tgz-unpack /Users/adityadevgupta/.npm/bc18dcae-06088322470895946-tmp-tgz-unpack.lock
376 silly lockFile 63872e0f-9904-0-06088322470895946-tmp-tgz tar:///tmp/npm-1285-pSDQ83HO/1425442939904-0.06088322470895946/tmp.tgz
377 verbose lock tar:///tmp/npm-1285-pSDQ83HO/1425442939904-0.06088322470895946/tmp.tgz /Users/adityadevgupta/.npm/63872e0f-9904-0-06088322470895946-tmp-tgz.lock
378 silly gunzTarPerm modes [ '755', '644' ]
379 silly gunzTarPerm extractEntry
380 silly gunzTarPerm modified mode [ '', 509, 493 ]
381 silly gunzTarPerm extractEntry .gitignore
382 silly gunzTarPerm modified mode [ '.gitignore', 436, 420 ]
383 silly gunzTarPerm extractEntry .gitmodules
384 silly gunzTarPerm modified mode [ '.gitmodules', 436, 420 ]
385 silly gunzTarPerm extractEntry .npmignore
386 silly gunzTarPerm modified mode [ '.npmignore', 436, 420 ]
387 silly gunzTarPerm extractEntry .travis.yml
388 silly gunzTarPerm modified mode [ '.travis.yml', 436, 420 ]
389 silly gunzTarPerm extractEntry History.md
390 silly gunzTarPerm modified mode [ 'History.md', 436, 420 ]
391 silly gunzTarPerm extractEntry LICENSE
392 silly gunzTarPerm modified mode [ 'LICENSE', 436, 420 ]
393 silly gunzTarPerm extractEntry Makefile
394 silly gunzTarPerm modified mode [ 'Makefile', 436, 420 ]
395 silly gunzTarPerm extractEntry Readme.md
396 silly gunzTarPerm modified mode [ 'Readme.md', 436, 420 ]
397 silly gunzTarPerm extractEntry bin/
398 silly gunzTarPerm modified mode [ 'bin/', 509, 493 ]
399 silly gunzTarPerm extractEntry bin/express
400 silly gunzTarPerm modified mode [ 'bin/express', 509, 493 ]
401 silly gunzTarPerm extractEntry client.js
402 silly gunzTarPerm modified mode [ 'client.js', 436, 420 ]
403 silly gunzTarPerm extractEntry examples/
404 silly gunzTarPerm modified mode [ 'examples/', 509, 493 ]
405 silly gunzTarPerm extractEntry examples/auth/
406 silly gunzTarPerm modified mode [ 'examples/auth/', 509, 493 ]
407 silly gunzTarPerm extractEntry examples/auth/app.js
408 silly gunzTarPerm modified mode [ 'examples/auth/app.js', 436, 420 ]
409 silly gunzTarPerm extractEntry examples/auth/pass.js
410 silly gunzTarPerm modified mode [ 'examples/auth/pass.js', 436, 420 ]
411 silly gunzTarPerm extractEntry examples/auth/views/
412 silly gunzTarPerm modified mode [ 'examples/auth/views/', 509, 493 ]
413 silly gunzTarPerm extractEntry examples/auth/views/foot.ejs
414 silly gunzTarPerm modified mode [ 'examples/auth/views/foot.ejs', 436, 420 ]
415 silly gunzTarPerm extractEntry examples/auth/views/head.ejs
416 silly gunzTarPerm modified mode [ 'examples/auth/views/head.ejs', 436, 420 ]
417 silly gunzTarPerm extractEntry examples/auth/views/login.ejs
418 silly gunzTarPerm modified mode [ 'examples/auth/views/login.ejs', 436, 420 ]
419 silly gunzTarPerm extractEntry examples/big-view/
420 silly gunzTarPerm modified mode [ 'examples/big-view/', 509, 493 ]
421 silly gunzTarPerm extractEntry examples/big-view/index.js
422 silly gunzTarPerm modified mode [ 'examples/big-view/index.js', 436, 420 ]
423 silly gunzTarPerm extractEntry examples/big-view/pets.jade
424 silly gunzTarPerm modified mode [ 'examples/big-view/pets.jade', 436, 420 ]
425 silly gunzTarPerm extractEntry examples/content-negotiation/
426 silly gunzTarPerm modified mode [ 'examples/content-negotiation/', 509, 493 ]
427 silly gunzTarPerm extractEntry examples/content-negotiation/db.js
428 silly gunzTarPerm modified mode [ 'examples/content-negotiation/db.js', 436, 420 ]
429 silly gunzTarPerm extractEntry examples/content-negotiation/index.js
430 silly gunzTarPerm modified mode [ 'examples/content-negotiation/index.js', 436, 420 ]
431 silly gunzTarPerm extractEntry examples/content-negotiation/users.js
432 silly gunzTarPerm modified mode [ 'examples/content-negotiation/users.js', 436, 420 ]
433 silly gunzTarPerm extractEntry examples/cookie-sessions/
434 silly gunzTarPerm modified mode [ 'examples/cookie-sessions/', 509, 493 ]
435 silly gunzTarPerm extractEntry examples/cookie-sessions/index.js
436 silly gunzTarPerm modified mode [ 'examples/cookie-sessions/index.js', 436, 420 ]
437 silly gunzTarPerm extractEntry examples/cookies/
438 silly gunzTarPerm modified mode [ 'examples/cookies/', 509, 493 ]
439 silly gunzTarPerm extractEntry examples/cookies/app.js
440 silly gunzTarPerm modified mode [ 'examples/cookies/app.js', 436, 420 ]
441 silly gunzTarPerm extractEntry examples/cors/
442 silly gunzTarPerm modified mode [ 'examples/cors/', 509, 493 ]
443 silly gunzTarPerm extractEntry examples/cors/index.js
444 silly gunzTarPerm modified mode [ 'examples/cors/index.js', 436, 420 ]
445 silly gunzTarPerm extractEntry examples/cors/public/
446 silly gunzTarPerm modified mode [ 'examples/cors/public/', 509, 493 ]
447 silly gunzTarPerm extractEntry examples/cors/public/index.html
448 silly gunzTarPerm modified mode [ 'examples/cors/public/index.html', 436, 420 ]
449 silly gunzTarPerm extractEntry examples/downloads/
450 silly gunzTarPerm modified mode [ 'examples/downloads/', 509, 493 ]
451 silly gunzTarPerm extractEntry examples/downloads/app.js
452 silly gunzTarPerm modified mode [ 'examples/downloads/app.js', 436, 420 ]
453 silly gunzTarPerm extractEntry examples/downloads/files/
454 silly gunzTarPerm modified mode [ 'examples/downloads/files/', 509, 493 ]
455 silly gunzTarPerm extractEntry examples/downloads/files/amazing.txt
456 silly gunzTarPerm modified mode [ 'examples/downloads/files/amazing.txt', 436, 420 ]
457 silly gunzTarPerm extractEntry examples/ejs/
458 silly gunzTarPerm modified mode [ 'examples/ejs/', 509, 493 ]
459 silly gunzTarPerm extractEntry examples/ejs/index.js
460 silly gunzTarPerm modified mode [ 'examples/ejs/index.js', 436, 420 ]
461 silly gunzTarPerm extractEntry examples/ejs/views/
462 silly gunzTarPerm modified mode [ 'examples/ejs/views/', 509, 493 ]
463 silly gunzTarPerm extractEntry examples/ejs/views/footer.html
464 silly gunzTarPerm modified mode [ 'examples/ejs/views/footer.html', 436, 420 ]
465 silly gunzTarPerm extractEntry examples/ejs/views/header.html
466 silly gunzTarPerm modified mode [ 'examples/ejs/views/header.html', 436, 420 ]
467 silly gunzTarPerm extractEntry examples/ejs/views/users.html
468 silly gunzTarPerm modified mode [ 'examples/ejs/views/users.html', 436, 420 ]
469 silly gunzTarPerm extractEntry examples/error-pages/
470 silly gunzTarPerm modified mode [ 'examples/error-pages/', 509, 493 ]
471 silly gunzTarPerm extractEntry examples/error-pages/index.js
472 silly gunzTarPerm modified mode [ 'examples/error-pages/index.js', 436, 420 ]
473 silly gunzTarPerm extractEntry examples/error-pages/views/
474 silly gunzTarPerm modified mode [ 'examples/error-pages/views/', 509, 493 ]
475 silly gunzTarPerm extractEntry examples/error-pages/views/404.jade
476 silly gunzTarPerm modified mode [ 'examples/error-pages/views/404.jade', 436, 420 ]
477 silly gunzTarPerm extractEntry examples/error-pages/views/500.jade
478 silly gunzTarPerm modified mode [ 'examples/error-pages/views/500.jade', 436, 420 ]
479 silly gunzTarPerm extractEntry examples/error-pages/views/error.jade
480 silly gunzTarPerm modified mode [ 'examples/error-pages/views/error.jade', 436, 420 ]
481 silly gunzTarPerm extractEntry examples/error-pages/views/index.jade
482 silly gunzTarPerm modified mode [ 'examples/error-pages/views/index.jade', 436, 420 ]
483 silly gunzTarPerm extractEntry examples/error-pages/views/layout.jade
484 silly gunzTarPerm modified mode [ 'examples/error-pages/views/layout.jade', 436, 420 ]
485 silly gunzTarPerm extractEntry examples/error/
486 silly gunzTarPerm modified mode [ 'examples/error/', 509, 493 ]
487 silly gunzTarPerm extractEntry examples/error/index.js
488 silly gunzTarPerm modified mode [ 'examples/error/index.js', 436, 420 ]
489 silly gunzTarPerm extractEntry examples/expose-data-to-client/
490 silly gunzTarPerm modified mode [ 'examples/expose-data-to-client/', 509, 493 ]
491 silly gunzTarPerm extractEntry examples/expose-data-to-client/index.js
492 silly gunzTarPerm modified mode [ 'examples/expose-data-to-client/index.js', 436, 420 ]
493 silly gunzTarPerm extractEntry examples/expose-data-to-client/views/
494 silly gunzTarPerm modified mode [ 'examples/expose-data-to-client/views/', 509, 493 ]
495 silly gunzTarPerm extractEntry examples/expose-data-to-client/views/page.jade
496 silly gunzTarPerm modified mode [ 'examples/expose-data-to-client/views/page.jade', 436, 420 ]
497 silly gunzTarPerm extractEntry examples/hello-world/
498 silly gunzTarPerm modified mode [ 'examples/hello-world/', 509, 493 ]
499 silly gunzTarPerm extractEntry examples/hello-world/index.js
500 silly gunzTarPerm modified mode [ 'examples/hello-world/index.js', 436, 420 ]
501 silly gunzTarPerm extractEntry examples/jade/
502 silly gunzTarPerm modified mode [ 'examples/jade/', 509, 493 ]
503 silly gunzTarPerm extractEntry examples/jade/index.js
504 silly gunzTarPerm modified mode [ 'examples/jade/index.js', 436, 420 ]
505 silly gunzTarPerm extractEntry examples/jade/public/
506 silly gunzTarPerm modified mode [ 'examples/jade/public/', 509, 493 ]
507 silly lockFile f371082c-11571545572951436-tmp-tgz-unpack tar:///tmp/npm-1285-pSDQ83HO/1425442939803-0.11571545572951436/tmp.tgz-unpack
508 silly lockFile f371082c-11571545572951436-tmp-tgz-unpack tar:///tmp/npm-1285-pSDQ83HO/1425442939803-0.11571545572951436/tmp.tgz-unpack
509 silly lockFile a078ccc4-9803-0-11571545572951436-tmp-tgz tar:///tmp/npm-1285-pSDQ83HO/1425442939803-0.11571545572951436/tmp.tgz
510 silly lockFile a078ccc4-9803-0-11571545572951436-tmp-tgz tar:///tmp/npm-1285-pSDQ83HO/1425442939803-0.11571545572951436/tmp.tgz
511 silly gunzTarPerm extractEntry examples/jade/public/stylesheets/
512 silly gunzTarPerm modified mode [ 'examples/jade/public/stylesheets/', 509, 493 ]
513 silly gunzTarPerm extractEntry examples/jade/public/stylesheets/style.css
514 silly gunzTarPerm modified mode [ 'examples/jade/public/stylesheets/style.css', 436, 420 ]
515 silly gunzTarPerm extractEntry examples/jade/views/
516 silly gunzTarPerm modified mode [ 'examples/jade/views/', 509, 493 ]
517 silly gunzTarPerm extractEntry examples/jade/views/header.jade
518 silly gunzTarPerm modified mode [ 'examples/jade/views/header.jade', 436, 420 ]
519 silly gunzTarPerm extractEntry examples/jade/views/layout.jade
520 silly gunzTarPerm modified mode [ 'examples/jade/views/layout.jade', 436, 420 ]
521 silly gunzTarPerm extractEntry examples/jade/views/users/
522 silly gunzTarPerm modified mode [ 'examples/jade/views/users/', 509, 493 ]
523 silly gunzTarPerm extractEntry examples/jade/views/users/index.jade
524 silly gunzTarPerm modified mode [ 'examples/jade/views/users/index.jade', 436, 420 ]
525 silly gunzTarPerm extractEntry examples/jade/views/users/user.jade
526 silly gunzTarPerm modified mode [ 'examples/jade/views/users/user.jade', 436, 420 ]
527 silly lockFile 71d65b73-thub-com-flovilmart-parse-stripe git://github.com/flovilmart/parse-stripe
528 silly lockFile 71d65b73-thub-com-flovilmart-parse-stripe git://github.com/flovilmart/parse-stripe
529 silly gunzTarPerm extractEntry examples/markdown/
530 silly gunzTarPerm modified mode [ 'examples/markdown/', 509, 493 ]
531 silly gunzTarPerm extractEntry examples/markdown/index.js
532 silly gunzTarPerm modified mode [ 'examples/markdown/index.js', 436, 420 ]
533 silly gunzTarPerm extractEntry examples/markdown/views/
534 silly gunzTarPerm modified mode [ 'examples/markdown/views/', 509, 493 ]
535 silly gunzTarPerm extractEntry examples/markdown/views/index.md
536 silly gunzTarPerm modified mode [ 'examples/markdown/views/index.md', 436, 420 ]
537 silly gunzTarPerm extractEntry examples/multipart/
538 silly gunzTarPerm modified mode [ 'examples/multipart/', 509, 493 ]
539 silly gunzTarPerm extractEntry examples/multipart/index.js
540 silly gunzTarPerm modified mode [ 'examples/multipart/index.js', 436, 420 ]
541 silly gunzTarPerm extractEntry examples/mvc/
542 silly gunzTarPerm modified mode [ 'examples/mvc/', 509, 493 ]
543 silly gunzTarPerm extractEntry examples/mvc/controllers/
544 silly gunzTarPerm modified mode [ 'examples/mvc/controllers/', 509, 493 ]
545 silly gunzTarPerm extractEntry examples/mvc/controllers/main/
546 silly gunzTarPerm modified mode [ 'examples/mvc/controllers/main/', 509, 493 ]
547 silly gunzTarPerm extractEntry examples/mvc/controllers/main/index.js
548 silly gunzTarPerm modified mode [ 'examples/mvc/controllers/main/index.js', 436, 420 ]
549 silly gunzTarPerm extractEntry examples/mvc/controllers/pet/
550 silly gunzTarPerm modified mode [ 'examples/mvc/controllers/pet/', 509, 493 ]
551 silly gunzTarPerm extractEntry examples/mvc/controllers/pet/index.js
552 silly gunzTarPerm modified mode [ 'examples/mvc/controllers/pet/index.js', 436, 420 ]
553 silly gunzTarPerm extractEntry examples/mvc/controllers/pet/views/
554 silly gunzTarPerm modified mode [ 'examples/mvc/controllers/pet/views/', 509, 493 ]
555 silly gunzTarPerm extractEntry examples/mvc/controllers/pet/views/edit.jade
556 silly gunzTarPerm modified mode [ 'examples/mvc/controllers/pet/views/edit.jade', 436, 420 ]
557 silly gunzTarPerm extractEntry examples/mvc/controllers/pet/views/show.jade
558 silly gunzTarPerm modified mode [ 'examples/mvc/controllers/pet/views/show.jade', 436, 420 ]
559 silly gunzTarPerm extractEntry examples/mvc/controllers/user-pet/
560 silly gunzTarPerm modified mode [ 'examples/mvc/controllers/user-pet/', 509, 493 ]
561 silly gunzTarPerm extractEntry examples/mvc/controllers/user-pet/index.js
562 silly gunzTarPerm modified mode [ 'examples/mvc/controllers/user-pet/index.js', 436, 420 ]
563 silly gunzTarPerm extractEntry examples/mvc/controllers/user/
564 silly gunzTarPerm modified mode [ 'examples/mvc/controllers/user/', 509, 493 ]
565 silly gunzTarPerm extractEntry examples/mvc/controllers/user/index.js
566 silly gunzTarPerm modified mode [ 'examples/mvc/controllers/user/index.js', 436, 420 ]
567 silly gunzTarPerm extractEntry examples/mvc/controllers/user/views/
568 silly gunzTarPerm modified mode [ 'examples/mvc/controllers/user/views/', 509, 493 ]
569 silly gunzTarPerm extractEntry examples/mvc/controllers/user/views/edit.html
570 silly gunzTarPerm modified mode [ 'examples/mvc/controllers/user/views/edit.html', 436, 420 ]
571 silly gunzTarPerm extractEntry examples/mvc/controllers/user/views/list.html
572 silly gunzTarPerm modified mode [ 'examples/mvc/controllers/user/views/list.html', 436, 420 ]
573 silly gunzTarPerm extractEntry examples/mvc/controllers/user/views/show.html
574 silly gunzTarPerm modified mode [ 'examples/mvc/controllers/user/views/show.html', 436, 420 ]
575 silly gunzTarPerm extractEntry examples/mvc/db.js
576 silly gunzTarPerm modified mode [ 'examples/mvc/db.js', 436, 420 ]
577 silly gunzTarPerm extractEntry examples/mvc/index.js
578 silly gunzTarPerm modified mode [ 'examples/mvc/index.js', 436, 420 ]
579 silly gunzTarPerm extractEntry examples/mvc/lib/
580 silly gunzTarPerm modified mode [ 'examples/mvc/lib/', 509, 493 ]
581 silly gunzTarPerm extractEntry examples/mvc/lib/boot.js
582 silly gunzTarPerm modified mode [ 'examples/mvc/lib/boot.js', 436, 420 ]
583 silly gunzTarPerm extractEntry examples/mvc/public/
584 silly gunzTarPerm modified mode [ 'examples/mvc/public/', 509, 493 ]
585 silly gunzTarPerm extractEntry examples/mvc/public/style.css
586 silly gunzTarPerm modified mode [ 'examples/mvc/public/style.css', 436, 420 ]
587 silly gunzTarPerm extractEntry examples/mvc/views/
588 silly gunzTarPerm modified mode [ 'examples/mvc/views/', 509, 493 ]
589 silly gunzTarPerm extractEntry examples/mvc/views/404.html
590 silly gunzTarPerm modified mode [ 'examples/mvc/views/404.html', 436, 420 ]
591 silly gunzTarPerm extractEntry examples/mvc/views/5xx.html
592 silly gunzTarPerm modified mode [ 'examples/mvc/views/5xx.html', 436, 420 ]
593 silly gunzTarPerm extractEntry examples/online/
594 silly gunzTarPerm modified mode [ 'examples/online/', 509, 493 ]
595 silly gunzTarPerm extractEntry examples/online/index.js
596 silly gunzTarPerm modified mode [ 'examples/online/index.js', 436, 420 ]
597 silly gunzTarPerm extractEntry examples/params/
598 silly gunzTarPerm modified mode [ 'examples/params/', 509, 493 ]
599 silly gunzTarPerm extractEntry examples/params/app.js
600 silly gunzTarPerm modified mode [ 'examples/params/app.js', 436, 420 ]
601 silly gunzTarPerm extractEntry examples/resource/
602 silly gunzTarPerm modified mode [ 'examples/resource/', 509, 493 ]
603 silly gunzTarPerm extractEntry examples/resource/app.js
604 silly gunzTarPerm modified mode [ 'examples/resource/app.js', 436, 420 ]
605 silly gunzTarPerm extractEntry examples/route-map/
606 silly gunzTarPerm modified mode [ 'examples/route-map/', 509, 493 ]
607 silly gunzTarPerm extractEntry examples/route-map/index.js
608 silly gunzTarPerm modified mode [ 'examples/route-map/index.js', 436, 420 ]
609 silly gunzTarPerm extractEntry examples/route-middleware/
610 silly gunzTarPerm modified mode [ 'examples/route-middleware/', 509, 493 ]
611 silly gunzTarPerm extractEntry examples/route-middleware/index.js
612 silly gunzTarPerm modified mode [ 'examples/route-middleware/index.js', 436, 420 ]
613 silly gunzTarPerm extractEntry examples/route-separation/
614 silly gunzTarPerm modified mode [ 'examples/route-separation/', 509, 493 ]
615 silly gunzTarPerm extractEntry examples/route-separation/index.js
616 silly gunzTarPerm modified mode [ 'examples/route-separation/index.js', 436, 420 ]
617 silly gunzTarPerm extractEntry examples/route-separation/post.js
618 silly gunzTarPerm modified mode [ 'examples/route-separation/post.js', 436, 420 ]
619 silly gunzTarPerm extractEntry examples/route-separation/public/
620 silly gunzTarPerm modified mode [ 'examples/route-separation/public/', 509, 493 ]
621 silly gunzTarPerm extractEntry examples/route-separation/public/style.css
622 silly gunzTarPerm modified mode [ 'examples/route-separation/public/style.css', 436, 420 ]
623 silly gunzTarPerm extractEntry examples/route-separation/site.js
624 silly gunzTarPerm modified mode [ 'examples/route-separation/site.js', 436, 420 ]
625 silly gunzTarPerm extractEntry examples/route-separation/user.js
626 silly gunzTarPerm modified mode [ 'examples/route-separation/user.js', 436, 420 ]
627 silly gunzTarPerm extractEntry examples/route-separation/views/
628 silly gunzTarPerm modified mode [ 'examples/route-separation/views/', 509, 493 ]
629 silly gunzTarPerm extractEntry examples/route-separation/views/index.jade
630 silly gunzTarPerm modified mode [ 'examples/route-separation/views/index.jade', 436, 420 ]
631 silly gunzTarPerm extractEntry examples/route-separation/views/layout.jade
632 silly gunzTarPerm modified mode [ 'examples/route-separation/views/layout.jade', 436, 420 ]
633 silly gunzTarPerm extractEntry examples/route-separation/views/posts/
634 silly gunzTarPerm modified mode [ 'examples/route-separation/views/posts/', 509, 493 ]
635 silly gunzTarPerm extractEntry examples/route-separation/views/posts/index.jade
636 silly gunzTarPerm modified mode [ 'examples/route-separation/views/posts/index.jade', 436, 420 ]
637 silly gunzTarPerm extractEntry examples/route-separation/views/users/
638 silly gunzTarPerm modified mode [ 'examples/route-separation/views/users/', 509, 493 ]
639 silly gunzTarPerm extractEntry examples/route-separation/views/users/edit.jade
640 silly gunzTarPerm modified mode [ 'examples/route-separation/views/users/edit.jade', 436, 420 ]
641 silly gunzTarPerm extractEntry examples/route-separation/views/users/index.jade
642 silly gunzTarPerm modified mode [ 'examples/route-separation/views/users/index.jade', 436, 420 ]
643 silly gunzTarPerm extractEntry examples/route-separation/views/users/view.jade
644 silly gunzTarPerm modified mode [ 'examples/route-separation/views/users/view.jade', 436, 420 ]
645 silly gunzTarPerm extractEntry examples/search/
646 silly gunzTarPerm modified mode [ 'examples/search/', 509, 493 ]
647 silly gunzTarPerm extractEntry examples/search/client.js
648 silly gunzTarPerm modified mode [ 'examples/search/client.js', 436, 420 ]
649 silly gunzTarPerm extractEntry examples/search/index.js
650 silly gunzTarPerm modified mode [ 'examples/search/index.js', 436, 420 ]
651 silly gunzTarPerm extractEntry examples/search/search.jade
652 silly gunzTarPerm modified mode [ 'examples/search/search.jade', 436, 420 ]
653 silly gunzTarPerm extractEntry examples/session/
654 silly gunzTarPerm modified mode [ 'examples/session/', 509, 493 ]
655 silly gunzTarPerm extractEntry examples/session/index.js
656 silly gunzTarPerm modified mode [ 'examples/session/index.js', 436, 420 ]
657 silly gunzTarPerm extractEntry examples/session/redis.js
658 silly gunzTarPerm modified mode [ 'examples/session/redis.js', 436, 420 ]
659 silly gunzTarPerm extractEntry examples/static-files/
660 silly gunzTarPerm modified mode [ 'examples/static-files/', 509, 493 ]
661 silly gunzTarPerm extractEntry examples/static-files/index.js
662 silly gunzTarPerm modified mode [ 'examples/static-files/index.js', 436, 420 ]
663 silly gunzTarPerm extractEntry examples/static-files/public/
664 silly gunzTarPerm modified mode [ 'examples/static-files/public/', 509, 493 ]
665 silly gunzTarPerm extractEntry examples/static-files/public/css/
666 silly gunzTarPerm modified mode [ 'examples/static-files/public/css/', 509, 493 ]
667 silly gunzTarPerm extractEntry examples/static-files/public/css/style.css
668 silly gunzTarPerm modified mode [ 'examples/static-files/public/css/style.css', 436, 420 ]
669 silly gunzTarPerm extractEntry examples/static-files/public/hello.txt
670 silly gunzTarPerm modified mode [ 'examples/static-files/public/hello.txt', 436, 420 ]
671 silly gunzTarPerm extractEntry examples/static-files/public/js/
672 silly gunzTarPerm modified mode [ 'examples/static-files/public/js/', 509, 493 ]
673 silly gunzTarPerm extractEntry examples/static-files/public/js/app.js
674 silly gunzTarPerm modified mode [ 'examples/static-files/public/js/app.js', 436, 420 ]
675 silly gunzTarPerm extractEntry examples/vhost/
676 silly gunzTarPerm modified mode [ 'examples/vhost/', 509, 493 ]
677 silly gunzTarPerm extractEntry examples/vhost/index.js
678 silly gunzTarPerm modified mode [ 'examples/vhost/index.js', 436, 420 ]
679 silly gunzTarPerm extractEntry examples/view-locals/
680 silly gunzTarPerm modified mode [ 'examples/view-locals/', 509, 493 ]
681 silly gunzTarPerm extractEntry examples/view-locals/index.js
682 silly gunzTarPerm modified mode [ 'examples/view-locals/index.js', 436, 420 ]
683 silly gunzTarPerm extractEntry examples/view-locals/layout.jade
684 silly gunzTarPerm modified mode [ 'examples/view-locals/layout.jade', 436, 420 ]
685 silly gunzTarPerm extractEntry examples/view-locals/user.jade
686 silly gunzTarPerm modified mode [ 'examples/view-locals/user.jade', 436, 420 ]
687 silly gunzTarPerm extractEntry examples/view-locals/user.js
688 silly gunzTarPerm modified mode [ 'examples/view-locals/user.js', 436, 420 ]
689 silly gunzTarPerm extractEntry examples/web-service/
690 silly gunzTarPerm modified mode [ 'examples/web-service/', 509, 493 ]
691 silly gunzTarPerm extractEntry examples/web-service/index.js
692 silly gunzTarPerm modified mode [ 'examples/web-service/index.js', 436, 420 ]
693 silly gunzTarPerm extractEntry index.js
694 silly gunzTarPerm modified mode [ 'index.js', 436, 420 ]
695 silly gunzTarPerm extractEntry lib/
696 silly gunzTarPerm modified mode [ 'lib/', 509, 493 ]
697 silly gunzTarPerm extractEntry lib/application.js
698 silly gunzTarPerm modified mode [ 'lib/application.js', 436, 420 ]
699 silly gunzTarPerm extractEntry lib/express.js
700 silly gunzTarPerm modified mode [ 'lib/express.js', 436, 420 ]
701 silly gunzTarPerm extractEntry lib/middleware.js
702 silly gunzTarPerm modified mode [ 'lib/middleware.js', 436, 420 ]
703 silly gunzTarPerm extractEntry lib/request.js
704 silly gunzTarPerm modified mode [ 'lib/request.js', 436, 420 ]
705 silly gunzTarPerm extractEntry lib/response.js
706 silly gunzTarPerm modified mode [ 'lib/response.js', 436, 420 ]
707 silly gunzTarPerm extractEntry lib/router/
708 silly gunzTarPerm modified mode [ 'lib/router/', 509, 493 ]
709 silly gunzTarPerm extractEntry lib/router/index.js
710 silly gunzTarPerm modified mode [ 'lib/router/index.js', 436, 420 ]
711 silly gunzTarPerm extractEntry lib/router/route.js
712 silly gunzTarPerm modified mode [ 'lib/router/route.js', 436, 420 ]
713 silly gunzTarPerm extractEntry lib/utils.js
714 silly gunzTarPerm modified mode [ 'lib/utils.js', 436, 420 ]
715 silly gunzTarPerm extractEntry lib/view.js
716 silly gunzTarPerm modified mode [ 'lib/view.js', 436, 420 ]
717 silly gunzTarPerm extractEntry package.json
718 silly gunzTarPerm modified mode [ 'package.json', 436, 420 ]
719 silly gunzTarPerm extractEntry support/
720 silly gunzTarPerm modified mode [ 'support/', 509, 493 ]
721 silly gunzTarPerm extractEntry support/app.js
722 silly gunzTarPerm modified mode [ 'support/app.js', 436, 420 ]
723 silly gunzTarPerm extractEntry support/bench
724 silly gunzTarPerm modified mode [ 'support/bench', 509, 493 ]
725 silly gunzTarPerm extractEntry support/docs
726 silly gunzTarPerm modified mode [ 'support/docs', 509, 493 ]
727 silly gunzTarPerm extractEntry support/views/
728 silly gunzTarPerm modified mode [ 'support/views/', 509, 493 ]
729 silly gunzTarPerm extractEntry support/views/hello.jade
730 silly gunzTarPerm modified mode [ 'support/views/hello.jade', 436, 420 ]
731 silly gunzTarPerm extractEntry test/
732 silly gunzTarPerm modified mode [ 'test/', 509, 493 ]
733 silly gunzTarPerm extractEntry test/Router.js
734 silly gunzTarPerm modified mode [ 'test/Router.js', 436, 420 ]
735 silly gunzTarPerm extractEntry test/acceptance/
736 silly gunzTarPerm modified mode [ 'test/acceptance/', 509, 493 ]
737 silly gunzTarPerm extractEntry test/acceptance/auth.js
738 silly gunzTarPerm modified mode [ 'test/acceptance/auth.js', 436, 420 ]
739 silly gunzTarPerm extractEntry test/acceptance/content-negotiation.js
740 silly gunzTarPerm modified mode [ 'test/acceptance/content-negotiation.js', 436, 420 ]
741 silly gunzTarPerm extractEntry test/acceptance/cookies.js
742 silly gunzTarPerm modified mode [ 'test/acceptance/cookies.js', 436, 420 ]
743 silly gunzTarPerm extractEntry test/acceptance/downloads.js
744 silly gunzTarPerm modified mode [ 'test/acceptance/downloads.js', 436, 420 ]
745 silly gunzTarPerm extractEntry test/acceptance/ejs.js
746 silly gunzTarPerm modified mode [ 'test/acceptance/ejs.js', 436, 420 ]
747 silly gunzTarPerm extractEntry test/acceptance/error-pages.js
748 silly gunzTarPerm modified mode [ 'test/acceptance/error-pages.js', 436, 420 ]
749 silly gunzTarPerm extractEntry test/acceptance/error.js
750 silly gunzTarPerm modified mode [ 'test/acceptance/error.js', 436, 420 ]
751 silly gunzTarPerm extractEntry test/acceptance/fixtures/
752 silly gunzTarPerm modified mode [ 'test/acceptance/fixtures/', 509, 493 ]
753 silly gunzTarPerm extractEntry test/acceptance/fixtures/grey.png
754 silly gunzTarPerm modified mode [ 'test/acceptance/fixtures/grey.png', 436, 420 ]
755 silly gunzTarPerm extractEntry test/acceptance/markdown.js
756 silly gunzTarPerm modified mode [ 'test/acceptance/markdown.js', 436, 420 ]
757 silly gunzTarPerm extractEntry test/acceptance/mvc.js
758 silly gunzTarPerm modified mode [ 'test/acceptance/mvc.js', 436, 420 ]
759 silly gunzTarPerm extractEntry test/acceptance/params.js
760 silly gunzTarPerm modified mode [ 'test/acceptance/params.js', 436, 420 ]
761 silly gunzTarPerm extractEntry test/acceptance/resource.js
762 silly gunzTarPerm modified mode [ 'test/acceptance/resource.js', 436, 420 ]
763 silly gunzTarPerm extractEntry test/acceptance/route-map.js
764 silly gunzTarPerm modified mode [ 'test/acceptance/route-map.js', 436, 420 ]
765 silly gunzTarPerm extractEntry test/acceptance/web-service.js
766 silly gunzTarPerm modified mode [ 'test/acceptance/web-service.js', 436, 420 ]
767 silly gunzTarPerm extractEntry test/app.all.js
768 silly gunzTarPerm modified mode [ 'test/app.all.js', 436, 420 ]
769 silly gunzTarPerm extractEntry test/app.del.js
770 silly gunzTarPerm modified mode [ 'test/app.del.js', 436, 420 ]
771 silly gunzTarPerm extractEntry test/app.engine.js
772 silly gunzTarPerm modified mode [ 'test/app.engine.js', 436, 420 ]
773 silly gunzTarPerm extractEntry test/app.head.js
774 silly gunzTarPerm modified mode [ 'test/app.head.js', 436, 420 ]
775 silly gunzTarPerm extractEntry test/app.js
776 silly gunzTarPerm modified mode [ 'test/app.js', 436, 420 ]
777 silly gunzTarPerm extractEntry test/app.listen.js
778 silly gunzTarPerm modified mode [ 'test/app.listen.js', 436, 420 ]
779 silly gunzTarPerm extractEntry test/app.locals.js
780 silly gunzTarPerm modified mode [ 'test/app.locals.js', 436, 420 ]
781 silly gunzTarPerm extractEntry test/app.param.js
782 silly gunzTarPerm modified mode [ 'test/app.param.js', 436, 420 ]
783 silly gunzTarPerm extractEntry test/app.render.js
784 silly gunzTarPerm modified mode [ 'test/app.render.js', 436, 420 ]
785 silly gunzTarPerm extractEntry test/app.request.js
786 silly gunzTarPerm modified mode [ 'test/app.request.js', 436, 420 ]
787 silly gunzTarPerm extractEntry test/app.response.js
788 silly gunzTarPerm modified mode [ 'test/app.response.js', 436, 420 ]
789 silly gunzTarPerm extractEntry test/app.router.js
790 silly gunzTarPerm modified mode [ 'test/app.router.js', 436, 420 ]
791 silly gunzTarPerm extractEntry test/app.routes.error.js
792 silly gunzTarPerm modified mode [ 'test/app.routes.error.js', 436, 420 ]
793 silly gunzTarPerm extractEntry test/app.routes.js
794 silly gunzTarPerm modified mode [ 'test/app.routes.js', 436, 420 ]
795 silly gunzTarPerm extractEntry test/app.use.js
796 silly gunzTarPerm modified mode [ 'test/app.use.js', 436, 420 ]
797 silly gunzTarPerm extractEntry test/config.env.js
798 silly gunzTarPerm modified mode [ 'test/config.env.js', 436, 420 ]
799 silly gunzTarPerm extractEntry test/config.js
800 silly gunzTarPerm modified mode [ 'test/config.js', 436, 420 ]
801 silly gunzTarPerm extractEntry test/exports.js
802 silly gunzTarPerm modified mode [ 'test/exports.js', 436, 420 ]
803 silly gunzTarPerm extractEntry test/fixtures/
804 silly gunzTarPerm modified mode [ 'test/fixtures/', 509, 493 ]
805 silly gunzTarPerm extractEntry test/fixtures/blog/
806 silly gunzTarPerm modified mode [ 'test/fixtures/blog/', 509, 493 ]
807 silly gunzTarPerm extractEntry test/fixtures/blog/post/
808 silly gunzTarPerm modified mode [ 'test/fixtures/blog/post/', 509, 493 ]
809 silly gunzTarPerm extractEntry test/fixtures/blog/post/index.jade
810 silly gunzTarPerm modified mode [ 'test/fixtures/blog/post/index.jade', 436, 420 ]
811 silly gunzTarPerm extractEntry test/fixtures/email.jade
812 silly gunzTarPerm modified mode [ 'test/fixtures/email.jade', 436, 420 ]
813 silly gunzTarPerm extractEntry test/fixtures/name.txt
814 silly gunzTarPerm modified mode [ 'test/fixtures/name.txt', 436, 420 ]
815 silly gunzTarPerm extractEntry test/fixtures/pet.jade
816 silly gunzTarPerm modified mode [ 'test/fixtures/pet.jade', 436, 420 ]
817 silly gunzTarPerm extractEntry test/fixtures/user.html
818 silly gunzTarPerm modified mode [ 'test/fixtures/user.html', 436, 420 ]
819 silly gunzTarPerm extractEntry test/fixtures/user.jade
820 silly gunzTarPerm modified mode [ 'test/fixtures/user.jade', 436, 420 ]
821 silly gunzTarPerm extractEntry test/middleware.basic.js
822 silly gunzTarPerm modified mode [ 'test/middleware.basic.js', 436, 420 ]
823 silly gunzTarPerm extractEntry test/mocha.opts
824 silly gunzTarPerm modified mode [ 'test/mocha.opts', 436, 420 ]
825 silly gunzTarPerm extractEntry test/regression.js
826 silly gunzTarPerm modified mode [ 'test/regression.js', 436, 420 ]
827 silly gunzTarPerm extractEntry test/req.accepted.js
828 silly gunzTarPerm modified mode [ 'test/req.accepted.js', 436, 420 ]
829 silly gunzTarPerm extractEntry test/req.acceptedCharsets.js
830 silly gunzTarPerm modified mode [ 'test/req.acceptedCharsets.js', 436, 420 ]
831 silly gunzTarPerm extractEntry test/req.acceptedLanguages.js
832 silly gunzTarPerm modified mode [ 'test/req.acceptedLanguages.js', 436, 420 ]
833 silly gunzTarPerm extractEntry test/req.accepts.js
834 silly gunzTarPerm modified mode [ 'test/req.accepts.js', 436, 420 ]
835 silly gunzTarPerm extractEntry test/req.acceptsCharset.js
836 silly gunzTarPerm modified mode [ 'test/req.acceptsCharset.js', 436, 420 ]
837 silly gunzTarPerm extractEntry test/req.auth.js
838 silly gunzTarPerm modified mode [ 'test/req.auth.js', 436, 420 ]
839 silly gunzTarPerm extractEntry test/req.fresh.js
840 silly gunzTarPerm modified mode [ 'test/req.fresh.js', 436, 420 ]
841 silly gunzTarPerm extractEntry test/req.get.js
842 silly gunzTarPerm modified mode [ 'test/req.get.js', 436, 420 ]
843 silly gunzTarPerm extractEntry test/req.host.js
844 silly gunzTarPerm modified mode [ 'test/req.host.js', 436, 420 ]
845 silly gunzTarPerm extractEntry test/req.ip.js
846 silly gunzTarPerm modified mode [ 'test/req.ip.js', 436, 420 ]
847 silly gunzTarPerm extractEntry test/req.ips.js
848 silly gunzTarPerm modified mode [ 'test/req.ips.js', 436, 420 ]
849 silly gunzTarPerm extractEntry test/req.is.js
850 silly gunzTarPerm modified mode [ 'test/req.is.js', 436, 420 ]
851 silly gunzTarPerm extractEntry test/req.param.js
852 silly gunzTarPerm modified mode [ 'test/req.param.js', 436, 420 ]
853 silly gunzTarPerm extractEntry test/req.path.js
854 silly gunzTarPerm modified mode [ 'test/req.path.js', 436, 420 ]
855 silly gunzTarPerm extractEntry test/req.protocol.js
856 silly gunzTarPerm modified mode [ 'test/req.protocol.js', 436, 420 ]
857 silly gunzTarPerm extractEntry test/req.query.js
858 silly gunzTarPerm modified mode [ 'test/req.query.js', 436, 420 ]
859 silly gunzTarPerm extractEntry test/req.range.js
860 silly gunzTarPerm modified mode [ 'test/req.range.js', 436, 420 ]
861 silly gunzTarPerm extractEntry test/req.route.js
862 silly gunzTarPerm modified mode [ 'test/req.route.js', 436, 420 ]
863 silly gunzTarPerm extractEntry test/req.signedCookies.js
864 silly gunzTarPerm modified mode [ 'test/req.signedCookies.js', 436, 420 ]
865 silly gunzTarPerm extractEntry test/req.stale.js
866 silly gunzTarPerm modified mode [ 'test/req.stale.js', 436, 420 ]
867 silly gunzTarPerm extractEntry test/req.subdomains.js
868 silly gunzTarPerm modified mode [ 'test/req.subdomains.js', 436, 420 ]
869 silly gunzTarPerm extractEntry test/req.xhr.js
870 silly gunzTarPerm modified mode [ 'test/req.xhr.js', 436, 420 ]
871 silly gunzTarPerm extractEntry test/res.attachment.js
872 silly gunzTarPerm modified mode [ 'test/res.attachment.js', 436, 420 ]
873 silly gunzTarPerm extractEntry test/res.charset.js
874 silly gunzTarPerm modified mode [ 'test/res.charset.js', 436, 420 ]
875 silly gunzTarPerm extractEntry test/res.clearCookie.js
876 silly gunzTarPerm modified mode [ 'test/res.clearCookie.js', 436, 420 ]
877 silly gunzTarPerm extractEntry test/res.cookie.js
878 silly gunzTarPerm modified mode [ 'test/res.cookie.js', 436, 420 ]
879 silly gunzTarPerm extractEntry test/res.download.js
880 silly gunzTarPerm modified mode [ 'test/res.download.js', 436, 420 ]
881 silly gunzTarPerm extractEntry test/res.format.js
882 silly gunzTarPerm modified mode [ 'test/res.format.js', 436, 420 ]
883 silly gunzTarPerm extractEntry test/res.get.js
884 silly gunzTarPerm modified mode [ 'test/res.get.js', 436, 420 ]
885 silly gunzTarPerm extractEntry test/res.json.js
886 silly gunzTarPerm modified mode [ 'test/res.json.js', 436, 420 ]
887 silly gunzTarPerm extractEntry test/res.jsonp.js
888 silly gunzTarPerm modified mode [ 'test/res.jsonp.js', 436, 420 ]
889 silly gunzTarPerm extractEntry test/res.links.js
890 silly gunzTarPerm modified mode [ 'test/res.links.js', 436, 420 ]
891 silly gunzTarPerm extractEntry test/res.locals.js
892 silly gunzTarPerm modified mode [ 'test/res.locals.js', 436, 420 ]
893 silly gunzTarPerm extractEntry test/res.location.js
894 silly gunzTarPerm modified mode [ 'test/res.location.js', 436, 420 ]
895 silly gunzTarPerm extractEntry test/res.redirect.js
896 silly gunzTarPerm modified mode [ 'test/res.redirect.js', 436, 420 ]
897 silly gunzTarPerm extractEntry test/res.render.js
898 silly gunzTarPerm modified mode [ 'test/res.render.js', 436, 420 ]
899 silly gunzTarPerm extractEntry test/res.send.js
900 silly gunzTarPerm modified mode [ 'test/res.send.js', 436, 420 ]
901 silly gunzTarPerm extractEntry test/res.sendfile.js
902 silly gunzTarPerm modified mode [ 'test/res.sendfile.js', 436, 420 ]
903 silly gunzTarPerm extractEntry test/res.set.js
904 silly gunzTarPerm modified mode [ 'test/res.set.js', 436, 420 ]
905 silly gunzTarPerm extractEntry test/res.status.js
906 silly gunzTarPerm modified mode [ 'test/res.status.js', 436, 420 ]
907 silly gunzTarPerm extractEntry test/res.type.js
908 silly gunzTarPerm modified mode [ 'test/res.type.js', 436, 420 ]
909 silly gunzTarPerm extractEntry test/support/
910 silly gunzTarPerm modified mode [ 'test/support/', 509, 493 ]
911 silly gunzTarPerm extractEntry test/support/http.js
912 silly gunzTarPerm modified mode [ 'test/support/http.js', 436, 420 ]
913 silly gunzTarPerm extractEntry test/utils.js
914 silly gunzTarPerm modified mode [ 'test/utils.js', 436, 420 ]
915 silly lockFile bc18dcae-06088322470895946-tmp-tgz-unpack tar:///tmp/npm-1285-pSDQ83HO/1425442939904-0.06088322470895946/tmp.tgz-unpack
916 silly lockFile bc18dcae-06088322470895946-tmp-tgz-unpack tar:///tmp/npm-1285-pSDQ83HO/1425442939904-0.06088322470895946/tmp.tgz-unpack
917 silly lockFile 63872e0f-9904-0-06088322470895946-tmp-tgz tar:///tmp/npm-1285-pSDQ83HO/1425442939904-0.06088322470895946/tmp.tgz
918 silly lockFile 63872e0f-9904-0-06088322470895946-tmp-tgz tar:///tmp/npm-1285-pSDQ83HO/1425442939904-0.06088322470895946/tmp.tgz
919 silly lockFile f23d0553-it-github-com-flovilmart-express git://github.com/flovilmart/express
920 silly lockFile f23d0553-it-github-com-flovilmart-express git://github.com/flovilmart/express
921 error 404 404 Not Found: npm%2520install%2520valid-url
921 error 404
921 error 404 'npm%2520install%2520valid-url' is not in the npm registry.
921 error 404 You should bug the author to publish it
921 error 404 It was specified as a dependency of 'parse-develop'
921 error 404
921 error 404 Note that you can also install from a
921 error 404 tarball, folder, or http url, or git url.
922 error System Darwin 14.0.0
923 error command "node" "/usr/local/bin/npm" "install"
924 error cwd /Users/adityadevgupta/Documents/STANFORD/CS 194/cs194-project
925 error node -v v0.10.34
926 error npm -v 1.4.28
927 error code E404
928 verbose exit [ 1, true ]
